[HTTPS] Server is started on port 443
user connected YmpLH_toX21NayZkAAAB  at  2022-08-05T10:18:19.175Z
user connected s7HuLfkUAYNom5zOAAAD  at  2022-08-05T10:18:19.777Z
user disconnected :  YmpLH_toX21NayZkAAAB  at  2022-08-05T10:19:25.807Z
user connected 9OZVdkhxgBwtVWSsAAAF  at  2022-08-05T10:19:27.105Z
user connected wQZjOJnAPUEPIKKVAAAH  at  2022-08-05T10:19:27.156Z
user disconnected :  wQZjOJnAPUEPIKKVAAAH  at  2022-08-05T10:29:48.364Z
user disconnected :  9OZVdkhxgBwtVWSsAAAF  at  2022-08-05T10:29:48.378Z
user disconnected :  s7HuLfkUAYNom5zOAAAD  at  2022-08-05T10:29:48.380Z
user connected Za1MrCJGUKh_BT2iAAAJ  at  2022-08-05T10:29:49.089Z
user connected gLYeWk8qpjsL6xtoAAAL  at  2022-08-05T10:29:49.697Z
user connected 1mqFJNKglaI8dsndAAAN  at  2022-08-05T10:29:50.450Z
user disconnected :  Za1MrCJGUKh_BT2iAAAJ  at  2022-08-05T10:30:34.122Z
user disconnected :  gLYeWk8qpjsL6xtoAAAL  at  2022-08-05T10:30:34.691Z
user disconnected :  1mqFJNKglaI8dsndAAAN  at  2022-08-05T10:30:35.440Z
user connected ErOwg5WZ-rEUrErIAAAP  at  2022-08-05T10:38:42.024Z
user connected -lCnTlFJvDUCSHvkAAAR  at  2022-08-05T10:38:50.101Z
user connected d-GK5gi4ZSC0JVL2AAAT  at  2022-08-05T10:46:49.955Z
user connected 3scTull8ojjRmpHGAAAV  at  2022-08-05T10:46:50.012Z
user connected Mjg_Zgm2MwXIrBh_AAAX  at  2022-08-05T10:46:50.061Z
user disconnected :  Mjg_Zgm2MwXIrBh_AAAX  at  2022-08-05T10:49:40.198Z
user disconnected :  3scTull8ojjRmpHGAAAV  at  2022-08-05T10:49:40.198Z
user disconnected :  d-GK5gi4ZSC0JVL2AAAT  at  2022-08-05T10:49:40.198Z
user disconnected :  ErOwg5WZ-rEUrErIAAAP  at  2022-08-05T10:52:48.441Z
user disconnected :  -lCnTlFJvDUCSHvkAAAR  at  2022-08-05T10:52:55.810Z
user connected N9V4IGPVO2vtgB1YAAAZ  at  2022-08-05T11:05:41.589Z
user connected 6PcoduXi93KDdfPYAAAb  at  2022-08-05T11:05:41.725Z
user connected _9h0pE5yYJeOr5wcAAAd  at  2022-08-05T11:05:42.446Z
user disconnected :  N9V4IGPVO2vtgB1YAAAZ  at  2022-08-05T11:20:38.531Z
user disconnected :  6PcoduXi93KDdfPYAAAb  at  2022-08-05T11:20:38.531Z
user disconnected :  _9h0pE5yYJeOr5wcAAAd  at  2022-08-05T11:20:39.785Z
user connected Nq0V3Jr21UPZsPFPAAAf  at  2022-08-05T11:23:39.230Z
user connected GPZ6VqKt_3CMpxdmAAAh  at  2022-08-05T11:23:46.420Z
user disconnected :  GPZ6VqKt_3CMpxdmAAAh  at  2022-08-05T11:24:31.413Z
user disconnected :  Nq0V3Jr21UPZsPFPAAAf  at  2022-08-05T11:24:49.274Z
user connected OqHLE6QUbsOnGVFqAAAj  at  2022-08-05T11:36:15.832Z
user connected rCrxAsTl58ajhj6wAAAl  at  2022-08-05T11:36:15.989Z
user connected sA_Rr43SL4Gw0CtqAAAn  at  2022-08-05T11:36:18.331Z
user disconnected :  OqHLE6QUbsOnGVFqAAAj  at  2022-08-05T11:37:00.844Z
user disconnected :  rCrxAsTl58ajhj6wAAAl  at  2022-08-05T11:37:00.972Z
user disconnected :  sA_Rr43SL4Gw0CtqAAAn  at  2022-08-05T11:37:03.326Z
user connected Tn1TqAWig4izQfjGAAAp  at  2022-08-05T11:40:20.213Z
user connected 2hVzD8tZEi28SxVDAAAr  at  2022-08-05T11:40:36.937Z
user connected 7AVuwZ6dOBhVwuY3AAAt  at  2022-08-05T11:50:47.864Z
user connected 61CVjVYlvhJvDnQlAAAv  at  2022-08-05T11:51:08.515Z
user disconnected :  Tn1TqAWig4izQfjGAAAp  at  2022-08-05T12:00:34.607Z
user connected AxfF0f1BoCvgZEsUAAAx  at  2022-08-05T12:00:36.181Z
user disconnected :  AxfF0f1BoCvgZEsUAAAx  at  2022-08-05T12:01:21.169Z
user disconnected :  61CVjVYlvhJvDnQlAAAv  at  2022-08-05T12:01:24.778Z
user disconnected :  7AVuwZ6dOBhVwuY3AAAt  at  2022-08-05T12:01:24.784Z
user disconnected :  2hVzD8tZEi28SxVDAAAr  at  2022-08-05T12:01:25.648Z
user connected CUyB5vfh238mS1M1AAAz  at  2022-08-05T12:01:26.622Z
user connected wFD3-J3V7G96CrXgAAA1  at  2022-08-05T12:01:27.198Z
user disconnected :  CUyB5vfh238mS1M1AAAz  at  2022-08-05T12:02:11.624Z
user disconnected :  wFD3-J3V7G96CrXgAAA1  at  2022-08-05T12:02:12.182Z
user connected uhmYmQ1LeMvBdO1vAAA3  at  2022-08-05T12:02:27.578Z
user connected FwuccxqUpPyiA1hlAAA5  at  2022-08-05T12:02:30.783Z
user disconnected :  uhmYmQ1LeMvBdO1vAAA3  at  2022-08-05T12:03:12.591Z
user disconnected :  FwuccxqUpPyiA1hlAAA5  at  2022-08-05T12:03:15.708Z
user connected NQd5gqC8smxqjLNVAAA7  at  2022-08-05T12:03:22.204Z
user connected hcoW2rVswInukgbAAAA9  at  2022-08-05T12:03:27.943Z
user connected Q6lHywQpsuNN1sG5AAA_  at  2022-08-05T12:03:34.712Z
user disconnected :  Q6lHywQpsuNN1sG5AAA_  at  2022-08-05T12:04:19.710Z
user connected AIMH0eDqClAr2wlMAABB  at  2022-08-05T12:08:45.774Z
user connected 4D_ZxH9C7J0MDyUZAABD  at  2022-08-05T12:09:26.369Z
user disconnected :  NQd5gqC8smxqjLNVAAA7  at  2022-08-05T12:10:02.316Z
user connected 6aXSNgL_gp1JRyu-AABF  at  2022-08-05T12:10:03.043Z
user disconnected :  4D_ZxH9C7J0MDyUZAABD  at  2022-08-05T12:10:07.077Z
user disconnected :  AIMH0eDqClAr2wlMAABB  at  2022-08-05T12:10:07.078Z
user connected hBDF5YeT1t6d1jUrAABH  at  2022-08-05T12:10:08.569Z
user connected uiH8jCoAsFUkf5IZAABJ  at  2022-08-05T12:10:10.116Z
user disconnected :  6aXSNgL_gp1JRyu-AABF  at  2022-08-05T12:10:47.991Z
user disconnected :  hcoW2rVswInukgbAAAA9  at  2022-08-05T12:10:53.347Z
user disconnected :  hBDF5YeT1t6d1jUrAABH  at  2022-08-05T12:10:53.427Z
user disconnected :  uiH8jCoAsFUkf5IZAABJ  at  2022-08-05T12:10:55.111Z
user connected npFfNuYck_Wo2Y-CAABL  at  2022-08-05T12:13:12.056Z
user connected iFno8tAXuet-SW_lAABN  at  2022-08-05T12:13:12.377Z
user connected 4xVmrFksmIP46TZqAABP  at  2022-08-05T12:13:13.808Z
user connected 9631X_lKVXTMxJIdAABR  at  2022-08-05T12:13:17.251Z
user disconnected :  npFfNuYck_Wo2Y-CAABL  at  2022-08-05T12:13:57.018Z
user disconnected :  iFno8tAXuet-SW_lAABN  at  2022-08-05T12:13:57.225Z
user connected RWGqhZnRVyk3Pt7hAABT  at  2022-08-05T12:13:59.790Z
user connected 455IdXmTlyNixHHMAABV  at  2022-08-05T12:14:02.126Z
user connected fVey9NV-6ucFdbZ-AABX  at  2022-08-05T12:18:34.198Z
user disconnected :  fVey9NV-6ucFdbZ-AABX  at  2022-08-05T12:18:58.964Z
user disconnected :  RWGqhZnRVyk3Pt7hAABT  at  2022-08-05T12:19:39.301Z
user disconnected :  455IdXmTlyNixHHMAABV  at  2022-08-05T12:20:23.911Z
user connected DSpufDvC7VEVprqnAABZ  at  2022-08-05T12:20:25.668Z
user disconnected :  DSpufDvC7VEVprqnAABZ  at  2022-08-05T12:20:31.379Z
user connected yUSn_MUIv_8NXvyYAABb  at  2022-08-05T12:20:33.946Z
user disconnected :  yUSn_MUIv_8NXvyYAABb  at  2022-08-05T12:21:18.941Z
user connected DWyzNIa9N--WPhJyAABd  at  2022-08-05T12:32:16.196Z
user disconnected :  DWyzNIa9N--WPhJyAABd  at  2022-08-05T12:33:01.205Z
user connected oI3Mu164bh30m5qEAABf  at  2022-08-05T12:34:25.049Z
user connected qjiX2bjjD90ALgZxAABh  at  2022-08-05T12:38:28.791Z
user disconnected :  qjiX2bjjD90ALgZxAABh  at  2022-08-05T12:38:54.699Z
user connected yOEQDTrOSxU_jAx6AABj  at  2022-08-05T12:39:46.686Z
user connected szwxgbmjUYoi2DXLAABl  at  2022-08-05T12:40:33.260Z
user disconnected :  yOEQDTrOSxU_jAx6AABj  at  2022-08-05T12:40:56.812Z
user disconnected :  szwxgbmjUYoi2DXLAABl  at  2022-08-05T12:41:20.320Z
user connected 0BM0VJmiOKF6oHXBAABn  at  2022-08-05T12:41:21.800Z
dbFind
database updated
dbUpdate
dbFind
database updated
dbUpdate
user disconnected :  oI3Mu164bh30m5qEAABf  at  2022-08-05T12:41:44.856Z
user connected cr2or6UIVfzaHR67AABp  at  2022-08-05T12:41:46.083Z
dbFind
database updated
dbUpdate
dbFind
database updated
dbUpdate
dbFind
database updated
dbUpdate
dbFind
database updated
dbUpdate
dbFind
database updated
dbUpdate
dbFind
database updated
dbUpdate
dbFind
database updated
dbUpdate
dbFind
database updated
dbUpdate
dbFind
database updated
dbUpdate
dbFind
database updated
dbUpdate
dbFind
database updated
dbUpdate
user disconnected :  cr2or6UIVfzaHR67AABp  at  2022-08-05T12:45:27.612Z
user disconnected :  4xVmrFksmIP46TZqAABP  at  2022-08-05T12:45:29.485Z
user connected ncTtgLU9PuJ9M5htAABr  at  2022-08-05T12:45:34.113Z
user disconnected :  ncTtgLU9PuJ9M5htAABr  at  2022-08-05T12:46:27.587Z
user connected qmYtcbm0PNi8JnmBAABt  at  2022-08-05T12:46:29.612Z
dbFind
database updated
dbUpdate
user connected h5Ax8C_p7BsfmN7hAABv  at  2022-08-05T12:46:45.606Z
user disconnected :  h5Ax8C_p7BsfmN7hAABv  at  2022-08-05T12:46:55.512Z
user connected KXXi0QpncIFUaSk5AABx  at  2022-08-05T12:46:56.354Z
user connected OTXlrWhXPigQ0EILAABz  at  2022-08-05T12:47:07.278Z
user disconnected :  KXXi0QpncIFUaSk5AABx  at  2022-08-05T12:47:13.644Z
user disconnected :  qmYtcbm0PNi8JnmBAABt  at  2022-08-05T12:48:41.171Z
user connected NBE9JvWA85PIs_-ZAAB1  at  2022-08-05T12:48:43.429Z
dbFind
database updated
dbUpdate
dbFind
database updated
dbUpdate
dbFind
database updated
dbUpdate
dbFind
database updated
dbUpdate
dbFind
database updated
dbUpdate
user disconnected :  NBE9JvWA85PIs_-ZAAB1  at  2022-08-05T12:51:22.578Z
user connected or6V-ItcjE49QEyqAAB3  at  2022-08-05T12:51:28.374Z
user disconnected :  or6V-ItcjE49QEyqAAB3  at  2022-08-05T12:51:59.269Z
user connected Uw6WKa2b-phpwRq5AAB6  at  2022-08-05T12:52:29.064Z
user connected 33T9n_fNIcYZjHbeAAB7  at  2022-08-05T12:52:29.065Z
user disconnected :  33T9n_fNIcYZjHbeAAB7  at  2022-08-05T12:52:51.168Z
user disconnected :  Uw6WKa2b-phpwRq5AAB6  at  2022-08-05T12:53:00.896Z
user disconnected :  OTXlrWhXPigQ0EILAABz  at  2022-08-05T12:53:01.925Z
user connected zi9Eg3w9P9bVFIg_AAB9  at  2022-08-05T12:53:57.216Z
user disconnected :  zi9Eg3w9P9bVFIg_AAB9  at  2022-08-05T12:54:15.594Z
user connected O1Pwx77kKKY3k7OnAAB_  at  2022-08-05T12:54:31.473Z
user disconnected :  O1Pwx77kKKY3k7OnAAB_  at  2022-08-05T12:54:38.688Z
user connected 6DHMnHcScE-kleAWAACB  at  2022-08-05T12:54:40.821Z
dbFind
database updated
dbUpdate
dbFind
database updated
dbUpdate
user disconnected :  6DHMnHcScE-kleAWAACB  at  2022-08-05T12:55:24.569Z
user connected TZZ3i8EgsSAjw3VWAACD  at  2022-08-05T12:55:29.638Z
dbFind
database updated
dbUpdate
dbFind
database updated
dbUpdate
dbFind
database updated
dbUpdate
user disconnected :  TZZ3i8EgsSAjw3VWAACD  at  2022-08-05T13:01:51.619Z
user disconnected :  0BM0VJmiOKF6oHXBAABn  at  2022-08-05T13:01:51.631Z
user connected GVdU1Kp8aPQhj1EtAACF  at  2022-08-05T13:01:54.409Z
user connected r3CKwge1RQUmB0fOAACH  at  2022-08-05T13:01:54.445Z
user disconnected :  GVdU1Kp8aPQhj1EtAACF  at  2022-08-05T13:02:39.391Z
user disconnected :  r3CKwge1RQUmB0fOAACH  at  2022-08-05T13:02:39.433Z
user connected FL9NODaBVSl046-RAACJ  at  2022-08-05T13:08:57.453Z
user disconnected :  FL9NODaBVSl046-RAACJ  at  2022-08-05T13:11:22.208Z
user connected VR8Zoay1QCjjVUozAACL  at  2022-08-05T13:11:23.267Z
user disconnected :  VR8Zoay1QCjjVUozAACL  at  2022-08-05T13:13:33.612Z
user connected JSWUZuNYyIIyKrDCAACN  at  2022-08-05T13:13:50.518Z
dbFind
database updated
dbUpdate
dbFind
database updated
dbUpdate
dbFind
database updated
dbUpdate
dbFind
database updated
dbUpdate
dbFind
database updated
dbUpdate
dbFind
database updated
dbUpdate
dbFind
database updated
dbUpdate
dbFind
database updated
dbUpdate
dbFind
database updated
dbUpdate
dbFind
database updated
dbUpdate
dbFind
database updated
dbUpdate
dbFind
database updated
dbUpdate
dbFind
database updated
dbUpdate
dbFind
database updated
dbUpdate
user disconnected :  JSWUZuNYyIIyKrDCAACN  at  2022-08-05T13:17:33.450Z
user connected 2ZGSpFpD3ffKaoOeAACP  at  2022-08-05T13:24:10.209Z
user connected 8eeGJJKUVqRe_ZUvAACR  at  2022-08-05T13:24:28.047Z
user disconnected :  2ZGSpFpD3ffKaoOeAACP  at  2022-08-05T13:24:55.579Z
user connected QhKGH4OFjU8fItKAAACT  at  2022-08-05T13:25:13.897Z
dbFind
database updated
dbUpdate
dbFind
database updated
dbUpdate
user disconnected :  QhKGH4OFjU8fItKAAACT  at  2022-08-05T13:25:28.069Z
user connected 8NmDWcErPeTkxzLIAACV  at  2022-08-05T13:25:28.834Z
dbFind
database updated
dbUpdate
dbFind
database updated
dbUpdate
user connected 3rWEUqZvXDwjcRdeAACX  at  2022-08-05T13:25:48.982Z
dbFind
database updated
dbUpdate
dbFind
database updated
dbUpdate
dbFind
database updated
dbUpdate
dbFind
database updated
dbUpdate
dbFind
database updated
dbUpdate
dbFind
database updated
dbUpdate
dbFind
database updated
dbUpdate
dbFind
database updated
dbUpdate
user disconnected :  8NmDWcErPeTkxzLIAACV  at  2022-08-05T13:28:07.683Z
user connected YUQ0OMQ4nwuOwxBzAACZ  at  2022-08-05T13:28:10.352Z
dbFind
database updated
dbUpdate
dbFind
database updated
dbUpdate
dbFind
database updated
dbUpdate
dbFind
database updated
dbUpdate
user connected ej-I9vT70yQXsV3mAACb  at  2022-08-05T13:29:02.038Z
dbFind
database updated
dbUpdate
dbFind
database updated
dbUpdate
dbFind
database updated
dbUpdate
dbFind
database updated
dbUpdate
dbFind
database updated
dbUpdate
dbFind
database updated
dbUpdate
dbFind
database updated
dbUpdate
dbFind
database updated
dbUpdate
dbFind
database updated
dbUpdate
dbFind
database updated
dbUpdate
dbFind
database updated
dbUpdate
user disconnected :  3rWEUqZvXDwjcRdeAACX  at  2022-08-05T13:33:50.885Z
user connected mitQ9OIubJqGIRy-AACd  at  2022-08-05T13:33:51.907Z
dbFind
database updated
dbUpdate
dbFind
database updated
dbUpdate
dbFind
database updated
dbUpdate
dbFind
database updated
dbUpdate
dbFind
database updated
dbUpdate
dbFind
database updated
dbUpdate
dbFind
database updated
dbUpdate
dbFind
database updated
dbUpdate
dbFind
database updated
dbUpdate
user disconnected :  mitQ9OIubJqGIRy-AACd  at  2022-08-05T13:36:00.125Z
user connected CkKiihydeBWEZEoLAACf  at  2022-08-05T13:36:00.763Z
user disconnected :  CkKiihydeBWEZEoLAACf  at  2022-08-05T13:37:41.612Z
user connected WlxYKxnpJLumRpEPAACh  at  2022-08-05T13:37:41.957Z
dbFind
database updated
dbUpdate
dbFind
database updated
dbUpdate
user disconnected :  YUQ0OMQ4nwuOwxBzAACZ  at  2022-08-05T13:38:37.936Z
user connected MLt8rILwhhvL09ExAACj  at  2022-08-05T13:38:38.786Z
dbFind
database updated
dbUpdate
dbFind
database updated
dbUpdate
dbFind
database updated
dbUpdate
dbFind
database updated
dbUpdate
user disconnected :  MLt8rILwhhvL09ExAACj  at  2022-08-05T13:39:41.385Z
dbFind
database updated
dbUpdate
dbFind
database updated
dbUpdate
user disconnected :  8eeGJJKUVqRe_ZUvAACR  at  2022-08-05T13:40:47.746Z
user connected tx8oQdN73ghPH--pAACl  at  2022-08-05T13:40:50.332Z
dbFind
database updated
dbUpdate
dbFind
database updated
dbUpdate
dbFind
database updated
dbUpdate
dbFind
database updated
dbUpdate
user disconnected :  ej-I9vT70yQXsV3mAACb  at  2022-08-05T13:41:15.530Z
user disconnected :  tx8oQdN73ghPH--pAACl  at  2022-08-05T13:41:35.321Z
user disconnected :  WlxYKxnpJLumRpEPAACh  at  2022-08-05T13:42:57.166Z
user connected lafzZID4ji7LdE6VAACn  at  2022-08-05T13:42:58.646Z
user connected GoUQuGknI5Q0xWFCAACp  at  2022-08-05T13:44:37.914Z
user connected padJrC9tDndAtwr0AACr  at  2022-08-05T13:44:40.402Z
user disconnected :  lafzZID4ji7LdE6VAACn  at  2022-08-05T13:44:49.795Z
user connected 8Cpqes0V63UpuSZXAACt  at  2022-08-05T13:44:53.455Z
user disconnected :  GoUQuGknI5Q0xWFCAACp  at  2022-08-05T13:45:01.593Z
dbFind
database updated
dbUpdate
dbFind
database updated
dbUpdate
dbFind
database updated
dbUpdate
user disconnected :  8Cpqes0V63UpuSZXAACt  at  2022-08-05T13:49:18.568Z
user connected G2z6nTsNYPbp_rzdAACv  at  2022-08-05T13:49:19.460Z
dbFind
database updated
dbUpdate
user disconnected :  G2z6nTsNYPbp_rzdAACv  at  2022-08-05T13:49:53.643Z
user disconnected :  padJrC9tDndAtwr0AACr  at  2022-08-05T13:52:58.661Z
user connected kYPlzKBVAefUM1OcAACx  at  2022-08-05T13:53:00.945Z
user disconnected :  kYPlzKBVAefUM1OcAACx  at  2022-08-05T13:53:05.165Z
user connected lK1lWtg3xwa8sQnAAACz  at  2022-08-05T13:53:06.731Z
user disconnected :  lK1lWtg3xwa8sQnAAACz  at  2022-08-05T13:53:51.719Z
user connected gEQmqJrEe9LDpDW7AAC1  at  2022-08-05T13:57:34.369Z
dbFind
database updated
dbUpdate
dbFind
database updated
dbUpdate
dbFind
database updated
dbUpdate
dbFind
database updated
dbUpdate
dbFind
database updated
dbUpdate
dbFind
database updated
dbUpdate
dbFind
database updated
dbUpdate
dbFind
database updated
dbUpdate
dbFind
database updated
dbUpdate
user disconnected :  gEQmqJrEe9LDpDW7AAC1  at  2022-08-05T14:00:30.851Z
user connected hHCKiNs56-P2DVSvAAC3  at  2022-08-05T14:00:32.027Z
user connected rpwwUMEDKm5PjmgYAAC5  at  2022-08-05T14:01:47.591Z
user disconnected :  hHCKiNs56-P2DVSvAAC3  at  2022-08-05T14:02:58.096Z
user connected WB2MNsSFBgWvBCedAAC7  at  2022-08-05T14:02:59.652Z
user disconnected :  WB2MNsSFBgWvBCedAAC7  at  2022-08-05T14:03:44.640Z
user disconnected :  9631X_lKVXTMxJIdAABR  at  2022-08-05T14:03:49.694Z
user disconnected :  rpwwUMEDKm5PjmgYAAC5  at  2022-08-05T14:06:54.510Z
user connected FVL5fjX3jV9X5yoeAAC9  at  2022-08-05T14:11:10.270Z
user connected VkSpMPh0XVNxfsRRAAC_  at  2022-08-05T14:11:14.741Z
dbFind
database updated
dbUpdate
dbFind
database updated
dbUpdate
user disconnected :  FVL5fjX3jV9X5yoeAAC9  at  2022-08-05T14:13:18.950Z
user connected eMbXBhjF4HHvS-GgAADB  at  2022-08-05T14:13:31.733Z
user connected 0HfTz7Q8ya-qcNWOAADD  at  2022-08-05T14:14:55.690Z
dbFind
database updated
dbUpdate
user connected 4eWa5z1YOh81EaZuAADF  at  2022-08-05T14:15:57.072Z
dbFind
database updated
dbUpdate
dbFind
database updated
dbUpdate
user disconnected :  4eWa5z1YOh81EaZuAADF  at  2022-08-05T14:16:02.291Z
dbFind
database updated
dbUpdate
dbFind
database updated
dbUpdate
dbFind
database updated
dbUpdate
dbFind
database updated
dbUpdate
dbFind
database updated
dbUpdate
user disconnected :  eMbXBhjF4HHvS-GgAADB  at  2022-08-05T14:16:28.036Z
user connected LD2uzcTGAqtJA2QJAADH  at  2022-08-05T14:16:29.014Z
dbFind
database updated
dbUpdate
dbFind
database updated
dbUpdate
user disconnected :  0HfTz7Q8ya-qcNWOAADD  at  2022-08-05T14:17:09.310Z
user disconnected :  LD2uzcTGAqtJA2QJAADH  at  2022-08-05T14:17:14.001Z
user connected KV08W_f6YW4_776DAADJ  at  2022-08-05T14:22:33.371Z
dbFind
database updated
dbUpdate
dbFind
database updated
dbUpdate
dbFind
database updated
dbUpdate
user disconnected :  KV08W_f6YW4_776DAADJ  at  2022-08-05T14:23:03.764Z
user connected RJcsC0ONwyXHYRPAAADL  at  2022-08-05T14:24:45.623Z
user disconnected :  RJcsC0ONwyXHYRPAAADL  at  2022-08-05T14:24:53.540Z
user connected mK2_yVcEnHYOnSsfAADN  at  2022-08-05T14:24:53.732Z
user connected lmhRaIOKimMK2Z-TAADP  at  2022-08-05T14:25:05.730Z
user connected r9LAjs-_D-v7vWohAADR  at  2022-08-05T14:25:41.837Z
dbFind
database updated
dbUpdate
dbFind
database updated
dbUpdate
dbFind
database updated
dbUpdate
dbFind
database updated
dbUpdate
dbFind
database updated
dbUpdate
dbFind
database updated
dbUpdate
dbFind
database updated
dbUpdate
user connected i0e0A66KBWgvczw-AADT  at  2022-08-05T14:26:29.576Z
dbFind
database updated
dbUpdate
dbFind
database updated
dbUpdate
dbFind
database updated
dbUpdate
user disconnected :  mK2_yVcEnHYOnSsfAADN  at  2022-08-05T14:26:39.191Z
user disconnected :  lmhRaIOKimMK2Z-TAADP  at  2022-08-05T14:26:59.275Z
user connected 7r7117Six6b8tpBVAADV  at  2022-08-05T14:27:04.968Z
user disconnected :  7r7117Six6b8tpBVAADV  at  2022-08-05T14:27:06.582Z
user connected oCOAqnJe7VyVcQwWAADX  at  2022-08-05T14:27:11.665Z
user disconnected :  i0e0A66KBWgvczw-AADT  at  2022-08-05T14:27:15.461Z
user disconnected :  r9LAjs-_D-v7vWohAADR  at  2022-08-05T14:27:15.462Z
user connected -Q5bX8xFz7O1E3wAAADZ  at  2022-08-05T14:27:16.825Z
user connected yzhoLH7hA3z_7GPzAADb  at  2022-08-05T14:27:16.914Z
user disconnected :  oCOAqnJe7VyVcQwWAADX  at  2022-08-05T14:27:26.983Z
user disconnected :  -Q5bX8xFz7O1E3wAAADZ  at  2022-08-05T14:28:01.813Z
user disconnected :  yzhoLH7hA3z_7GPzAADb  at  2022-08-05T14:28:01.905Z
user connected O_JcpXV-_mqhynkRAADd  at  2022-08-05T14:33:34.090Z
user connected 6XYdbhaugNtuMsXkAADf  at  2022-08-05T14:40:43.796Z
user disconnected :  6XYdbhaugNtuMsXkAADf  at  2022-08-05T14:41:11.768Z
user connected BZzmq_9-Mx2hnuHnAADh  at  2022-08-05T14:42:15.416Z
dbFind
database updated
dbUpdate
dbFind
database updated
dbUpdate
dbFind
database updated
dbUpdate
dbFind
database updated
dbUpdate
dbFind
database updated
dbUpdate
dbFind
database updated
dbUpdate
dbFind
database updated
dbUpdate
dbFind
database updated
dbUpdate
dbFind
database updated
dbUpdate
dbFind
database updated
dbUpdate
user disconnected :  BZzmq_9-Mx2hnuHnAADh  at  2022-08-05T14:45:20.853Z
user connected e3wiXjq3sEkQl6TZAADj  at  2022-08-05T14:45:21.867Z
dbFind
database updated
dbUpdate
dbFind
database updated
dbUpdate
dbFind
database updated
dbUpdate
user disconnected :  e3wiXjq3sEkQl6TZAADj  at  2022-08-05T14:47:27.436Z
user connected A5ML7HfqavrjV0zKAADl  at  2022-08-05T14:47:29.369Z
user disconnected :  A5ML7HfqavrjV0zKAADl  at  2022-08-05T14:47:32.249Z
user disconnected :  O_JcpXV-_mqhynkRAADd  at  2022-08-05T14:51:33.133Z
user connected oHAo45WBy4ffU-6uAADn  at  2022-08-05T14:51:35.344Z
user disconnected :  oHAo45WBy4ffU-6uAADn  at  2022-08-05T14:52:20.331Z
user connected 85AuOJGuL7-juOAuAADp  at  2022-08-05T14:52:51.786Z
user connected F-TqDMRSGnQbYOVfAADr  at  2022-08-05T14:54:35.837Z
dbFind
database updated
dbUpdate
dbFind
database updated
dbUpdate
user disconnected :  85AuOJGuL7-juOAuAADp  at  2022-08-05T14:55:28.989Z
dbFind
database updated
dbUpdate
dbFind
database updated
dbUpdate
dbFind
database updated
dbUpdate
dbFind
database updated
dbUpdate
dbFind
database updated
dbUpdate
user disconnected :  F-TqDMRSGnQbYOVfAADr  at  2022-08-05T14:56:10.643Z
user connected TKbnrGQHcNBSQs_QAADt  at  2022-08-05T14:56:13.851Z
dbFind
database updated
dbUpdate
dbFind
database updated
dbUpdate
user disconnected :  TKbnrGQHcNBSQs_QAADt  at  2022-08-05T14:56:50.157Z
user connected c-1GWLQG0kcZ4ZWQAADv  at  2022-08-05T15:00:52.585Z
dbFind
database updated
dbUpdate
dbFind
database updated
dbUpdate
dbFind
database updated
dbUpdate
dbFind
database updated
dbUpdate
dbFind
database updated
dbUpdate
dbFind
database updated
dbUpdate
dbFind
database updated
dbUpdate
dbFind
database updated
dbUpdate
dbFind
database updated
dbUpdate
dbFind
database updated
dbUpdate
user disconnected :  c-1GWLQG0kcZ4ZWQAADv  at  2022-08-05T15:01:36.853Z
user connected mq0K26IjsvP4plwvAADx  at  2022-08-05T15:03:53.516Z
dbFind
database updated
dbUpdate
dbFind
database updated
dbUpdate
dbFind
database updated
dbUpdate
dbFind
database updated
dbUpdate
dbFind
database updated
dbUpdate
dbFind
database updated
dbUpdate
dbFind
database updated
dbUpdate
dbFind
database updated
dbUpdate
dbFind
database updated
dbUpdate
dbFind
database updated
dbUpdate
user disconnected :  mq0K26IjsvP4plwvAADx  at  2022-08-05T15:19:35.869Z
user connected xeQKkNEzXQUHOS7PAADz  at  2022-08-05T15:19:37.452Z
user disconnected :  xeQKkNEzXQUHOS7PAADz  at  2022-08-05T15:20:22.443Z
user disconnected :  VkSpMPh0XVNxfsRRAAC_  at  2022-08-05T15:20:28.688Z
user connected AKkd0V4D1pKUMoP1AAD1  at  2022-08-05T15:20:50.799Z
user connected mKHKkZnlOnZu9f2SAAD3  at  2022-08-05T15:20:52.256Z
user disconnected :  mKHKkZnlOnZu9f2SAAD3  at  2022-08-05T15:21:18.289Z
user connected bMSWYGnoRX0PxMpEAAD5  at  2022-08-05T15:21:20.102Z
user disconnected :  AKkd0V4D1pKUMoP1AAD1  at  2022-08-05T15:23:34.769Z
user disconnected :  bMSWYGnoRX0PxMpEAAD5  at  2022-08-05T15:23:36.445Z
user connected dLol-Dsuz9vIgZQcAAD7  at  2022-08-05T15:31:25.723Z
user connected 15rh4OSaKq5V3LefAAD9  at  2022-08-05T15:31:26.761Z
dbFind
database updated
dbUpdate
dbFind
database updated
dbUpdate
dbFind
database updated
dbUpdate
user disconnected :  15rh4OSaKq5V3LefAAD9  at  2022-08-05T15:54:04.362Z
user connected 5gM8Muuu5ziVgNdcAAD_  at  2022-08-05T15:54:05.553Z
dbFind
database updated
dbUpdate
dbFind
database updated
dbUpdate
dbFind
database updated
dbUpdate
dbFind
database updated
dbUpdate
dbFind
database updated
dbUpdate
dbFind
database updated
dbUpdate
user disconnected :  5gM8Muuu5ziVgNdcAAD_  at  2022-08-05T15:54:30.248Z
user disconnected :  dLol-Dsuz9vIgZQcAAD7  at  2022-08-05T16:29:23.432Z
user connected xOwJK3KybYYOUEhcAAEB  at  2022-08-05T16:29:54.902Z
user disconnected :  xOwJK3KybYYOUEhcAAEB  at  2022-08-05T16:40:16.343Z
user connected CBO4XjrqolHSIgTAAAED  at  2022-08-05T17:05:25.844Z
user disconnected :  CBO4XjrqolHSIgTAAAED  at  2022-08-05T17:06:35.714Z
user connected NNGOfY3w_U3IbDe-AAEF  at  2022-08-05T17:21:33.537Z
user disconnected :  NNGOfY3w_U3IbDe-AAEF  at  2022-08-05T17:22:18.526Z
user connected XsWOPXXCCTtyVonqAAEH  at  2022-08-05T17:40:16.231Z
user disconnected :  XsWOPXXCCTtyVonqAAEH  at  2022-08-05T17:41:01.215Z
user connected EgfhfqoF48OYAXVRAAEJ  at  2022-08-05T18:07:19.272Z
user disconnected :  EgfhfqoF48OYAXVRAAEJ  at  2022-08-05T18:08:54.385Z
user connected p2I6jMOV7HT0PgiTAAEL  at  2022-08-05T18:34:37.690Z
user disconnected :  p2I6jMOV7HT0PgiTAAEL  at  2022-08-05T18:35:22.677Z
user connected PFoweFUfVvns7FJhAAEN  at  2022-08-05T18:38:56.762Z
user disconnected :  PFoweFUfVvns7FJhAAEN  at  2022-08-05T18:39:41.748Z
user connected WfMG_loIJOxspgZ-AAEP  at  2022-08-05T18:57:31.314Z
user disconnected :  WfMG_loIJOxspgZ-AAEP  at  2022-08-05T19:00:21.554Z
user connected sW_v27eZTrrgKMlxAAER  at  2022-08-05T19:25:05.551Z
user disconnected :  sW_v27eZTrrgKMlxAAER  at  2022-08-05T19:25:50.541Z
user connected bCUHozeOIF6SxRQAAAET  at  2022-08-05T19:52:08.187Z
user disconnected :  bCUHozeOIF6SxRQAAAET  at  2022-08-05T19:53:18.321Z
user connected u2Q2v9WzN7WJyPWsAAEV  at  2022-08-05T20:19:09.359Z
user disconnected :  u2Q2v9WzN7WJyPWsAAEV  at  2022-08-05T20:20:19.361Z
user connected Z5vi2qyb-1dpkGw1AAEX  at  2022-08-05T20:46:26.608Z
user disconnected :  Z5vi2qyb-1dpkGw1AAEX  at  2022-08-05T20:47:11.596Z
user connected OAMbblN6qHSVH-G3AAEZ  at  2022-08-05T21:13:29.383Z
user disconnected :  OAMbblN6qHSVH-G3AAEZ  at  2022-08-05T21:14:14.360Z
user connected gI24Cq8GKiQNr02VAAEb  at  2022-08-05T21:40:26.495Z
user disconnected :  gI24Cq8GKiQNr02VAAEb  at  2022-08-05T21:41:36.499Z
user connected -hWmj61WBKGjTjF3AAEd  at  2022-08-05T22:07:55.173Z
user disconnected :  -hWmj61WBKGjTjF3AAEd  at  2022-08-05T22:08:40.161Z
user connected 4ShyoHN7F7ZtU0gpAAEf  at  2022-08-05T22:34:55.756Z
user disconnected :  4ShyoHN7F7ZtU0gpAAEf  at  2022-08-05T22:35:40.742Z
user connected 9G_4p8hhBnDblpfiAAEh  at  2022-08-05T22:37:39.793Z
user disconnected :  9G_4p8hhBnDblpfiAAEh  at  2022-08-05T22:42:35.303Z
user connected 0rdjWozTiADG8UtxAAEj  at  2022-08-05T22:45:50.945Z
user connected pgZ3jJti-TDIxsYHAAEl  at  2022-08-05T22:52:22.750Z
user disconnected :  pgZ3jJti-TDIxsYHAAEl  at  2022-08-05T22:52:39.713Z
user disconnected :  0rdjWozTiADG8UtxAAEj  at  2022-08-05T22:53:34.904Z
user connected ksgsx-Yy71MZC6qsAAEn  at  2022-08-05T22:56:13.670Z
user disconnected :  ksgsx-Yy71MZC6qsAAEn  at  2022-08-05T22:56:46.679Z
user connected L4n5ycGmlhyYMNxmAAEp  at  2022-08-05T22:56:48.290Z
user disconnected :  L4n5ycGmlhyYMNxmAAEp  at  2022-08-05T22:57:59.348Z
user connected ShNo3skBUYq-dC0aAAEr  at  2022-08-05T22:58:00.455Z
dbFind
database updated
dbUpdate
dbFind
database updated
dbUpdate
dbFind
database updated
dbUpdate
dbFind
database updated
dbUpdate
dbFind
database updated
dbUpdate
user disconnected :  ShNo3skBUYq-dC0aAAEr  at  2022-08-05T22:59:18.553Z
user connected GcHXmfsWkpdxU-jiAAEt  at  2022-08-05T23:00:00.289Z
dbFind
database updated
dbUpdate
dbFind
database updated
dbUpdate
dbFind
database updated
dbUpdate
dbFind
database updated
dbUpdate
dbFind
database updated
dbUpdate
dbFind
database updated
dbUpdate
dbFind
database updated
dbUpdate
dbFind
database updated
dbUpdate
dbFind
database updated
dbUpdate
dbFind
database updated
dbUpdate
dbFind
database updated
dbUpdate
user disconnected :  GcHXmfsWkpdxU-jiAAEt  at  2022-08-05T23:08:42.126Z
user connected jqlYuFy8p6PiiiF-AAEv  at  2022-08-05T23:08:59.715Z
dbFind
database updated
dbUpdate
dbFind
database updated
dbUpdate
dbFind
database updated
dbUpdate
dbFind
database updated
dbUpdate
dbFind
database updated
dbUpdate
dbFind
database updated
dbUpdate
dbFind
database updated
dbUpdate
dbFind
database updated
dbUpdate
dbFind
database updated
dbUpdate
dbFind
database updated
dbUpdate
dbFind
database updated
dbUpdate
dbFind
database updated
dbUpdate
dbFind
database updated
dbUpdate
dbFind
database updated
dbUpdate
dbFind
database updated
dbUpdate
dbFind
database updated
dbUpdate
user disconnected :  jqlYuFy8p6PiiiF-AAEv  at  2022-08-05T23:11:10.757Z
user connected isFKx8g0aFyZPn-vAAEx  at  2022-08-05T23:16:11.882Z
dbFind
database updated
dbUpdate
user disconnected :  isFKx8g0aFyZPn-vAAEx  at  2022-08-05T23:16:28.137Z
user connected tczNkc1Q4wRcf9GGAAEz  at  2022-08-05T23:16:30.928Z
user disconnected :  tczNkc1Q4wRcf9GGAAEz  at  2022-08-05T23:16:50.164Z
user connected v9F-4_QPLzDYkfMoAAE1  at  2022-08-05T23:18:11.869Z
dbFind
database updated
dbUpdate
dbFind
database updated
dbUpdate
dbFind
database updated
dbUpdate
dbFind
database updated
dbUpdate
dbFind
database updated
dbUpdate
dbFind
database updated
dbUpdate
user disconnected :  v9F-4_QPLzDYkfMoAAE1  at  2022-08-05T23:20:15.283Z
user connected a6ngwJ5F98GqrcNzAAE3  at  2022-08-05T23:25:25.530Z
dbFind
database updated
dbUpdate
user disconnected :  a6ngwJ5F98GqrcNzAAE3  at  2022-08-05T23:25:37.675Z
user connected 9yBpqW-kvVpD6PAhAAE5  at  2022-08-05T23:27:18.870Z
dbFind
database updated
dbUpdate
dbFind
database updated
dbUpdate
dbFind
database updated
dbUpdate
dbFind
database updated
dbUpdate
dbFind
database updated
dbUpdate
dbFind
database updated
dbUpdate
dbFind
database updated
dbUpdate
dbFind
database updated
dbUpdate
dbFind
database updated
dbUpdate
dbFind
database updated
dbUpdate
dbFind
database updated
dbUpdate
user disconnected :  9yBpqW-kvVpD6PAhAAE5  at  2022-08-05T23:29:08.611Z
user connected qHqVQWsYujdhHB-MAAE7  at  2022-08-06T03:06:17.295Z
user disconnected :  qHqVQWsYujdhHB-MAAE7  at  2022-08-06T03:06:21.087Z
user connected odn6VRFoH-MnuhpIAAE9  at  2022-08-06T03:12:55.335Z
user disconnected :  odn6VRFoH-MnuhpIAAE9  at  2022-08-06T03:13:30.580Z
user connected 0Kfga0Uy3Fb0g0cIAAE_  at  2022-08-06T03:13:32.187Z
user disconnected :  0Kfga0Uy3Fb0g0cIAAE_  at  2022-08-06T03:13:36.092Z
user connected YLAuCbF84_bp9hi5AAFB  at  2022-08-06T03:16:02.433Z
dbFind
database updated
dbUpdate
user disconnected :  YLAuCbF84_bp9hi5AAFB  at  2022-08-06T03:16:42.643Z
user connected ICCo46qf6MwlbBHCAAFD  at  2022-08-06T03:19:21.894Z
user disconnected :  ICCo46qf6MwlbBHCAAFD  at  2022-08-06T03:19:27.499Z
user connected ZiqY8Mhhy14HIBnRAAFF  at  2022-08-06T03:22:20.815Z
user disconnected :  ZiqY8Mhhy14HIBnRAAFF  at  2022-08-06T03:22:35.694Z
user connected JPtdissYPgV5E1J_AAFH  at  2022-08-06T03:41:02.806Z
user connected mjAndmzR_unn5JxCAAFJ  at  2022-08-06T03:41:02.855Z
dbFind
database updated
dbUpdate
dbFind
database updated
dbUpdate
user disconnected :  JPtdissYPgV5E1J_AAFH  at  2022-08-06T03:43:57.551Z
user disconnected :  mjAndmzR_unn5JxCAAFJ  at  2022-08-06T03:43:57.552Z
user connected Gqb7wgK8iwpdxh7yAAFL  at  2022-08-06T03:43:59.300Z
user connected CHS_qf15FlNHvkJAAAFN  at  2022-08-06T03:43:59.502Z
dbFind
database updated
dbUpdate
user disconnected :  CHS_qf15FlNHvkJAAAFN  at  2022-08-06T03:45:20.831Z
user connected lUiC7fpZAPKcWSSrAAFP  at  2022-08-06T03:45:22.869Z
user disconnected :  lUiC7fpZAPKcWSSrAAFP  at  2022-08-06T03:45:25.483Z
user connected mJNWhh9YXgghSbZTAAFR  at  2022-08-06T03:53:18.959Z
user disconnected :  mJNWhh9YXgghSbZTAAFR  at  2022-08-06T03:53:20.726Z
user disconnected :  Gqb7wgK8iwpdxh7yAAFL  at  2022-08-06T03:53:44.088Z
user connected onojaQJrwApte2YJAAFT  at  2022-08-06T03:53:53.276Z
user connected 0LoT7KYFltu3q6NsAAFV  at  2022-08-06T03:53:53.524Z
user disconnected :  0LoT7KYFltu3q6NsAAFV  at  2022-08-06T03:53:55.099Z
user connected wWBnnikjYSv2AHZzAAFX  at  2022-08-06T03:56:17.590Z
user disconnected :  wWBnnikjYSv2AHZzAAFX  at  2022-08-06T03:56:19.513Z
user disconnected :  onojaQJrwApte2YJAAFT  at  2022-08-06T04:12:39.490Z
user connected imYTDzULhBqIfJfMAAFZ  at  2022-08-06T04:12:41.319Z
user disconnected :  imYTDzULhBqIfJfMAAFZ  at  2022-08-06T04:13:26.304Z
user connected -eQVKJL-NZDHoMk6AAFb  at  2022-08-06T04:31:49.263Z
user disconnected :  -eQVKJL-NZDHoMk6AAFb  at  2022-08-06T04:32:51.133Z
user connected n2AqCxOOdB6n2PGDAAFd  at  2022-08-06T04:32:52.302Z
user disconnected :  n2AqCxOOdB6n2PGDAAFd  at  2022-08-06T04:33:37.159Z
user connected xjZrJiqLGaH0Mev0AAFf  at  2022-08-06T04:41:47.004Z
user disconnected :  xjZrJiqLGaH0Mev0AAFf  at  2022-08-06T04:41:51.085Z
user connected _8E86aqlxexiWCFJAAFh  at  2022-08-06T04:54:09.259Z
user disconnected :  _8E86aqlxexiWCFJAAFh  at  2022-08-06T04:54:11.908Z
user connected Bv12p0cFH35vFgoPAAFj  at  2022-08-06T05:08:45.286Z
user disconnected :  Bv12p0cFH35vFgoPAAFj  at  2022-08-06T05:08:50.274Z
user connected pElmapvGarkDCyIPAAFl  at  2022-08-06T05:21:31.696Z
user disconnected :  pElmapvGarkDCyIPAAFl  at  2022-08-06T05:21:35.148Z
user connected 0s76F6ul1cZtMQHaAAFn  at  2022-08-06T05:27:47.056Z
dbFind
database updated
dbUpdate
dbFind
database updated
dbUpdate
user disconnected :  0s76F6ul1cZtMQHaAAFn  at  2022-08-06T05:28:16.444Z
user connected eOHZ9TEFezCVgNKMAAFp  at  2022-08-06T05:28:17.532Z
user disconnected :  eOHZ9TEFezCVgNKMAAFp  at  2022-08-06T05:28:21.735Z
user connected MMEIMDGQXPc48AqwAAFr  at  2022-08-06T05:28:46.853Z
user disconnected :  MMEIMDGQXPc48AqwAAFr  at  2022-08-06T05:28:49.421Z
user connected lHJNSQVe_JpWUJv6AAFt  at  2022-08-06T05:31:07.261Z
user disconnected :  lHJNSQVe_JpWUJv6AAFt  at  2022-08-06T05:31:08.614Z
user connected MsgeRIvW08FCtu6xAAFv  at  2022-08-06T05:34:10.495Z
dbFind
database updated
dbUpdate
dbFind
database updated
dbUpdate
dbFind
database updated
dbUpdate
dbFind
database updated
dbUpdate
dbFind
database updated
dbUpdate
dbFind
database updated
dbUpdate
dbFind
database updated
dbUpdate
dbFind
database updated
dbUpdate
dbFind
database updated
dbUpdate
user disconnected :  MsgeRIvW08FCtu6xAAFv  at  2022-08-06T05:43:17.498Z
user connected XMMx_lz1j4fP9jZYAAFx  at  2022-08-06T05:43:19.927Z
user disconnected :  XMMx_lz1j4fP9jZYAAFx  at  2022-08-06T05:44:04.919Z
user connected 3ca_uxs9p-W37WDWAAFz  at  2022-08-06T06:17:27.451Z
user disconnected :  3ca_uxs9p-W37WDWAAFz  at  2022-08-06T06:17:33.373Z
user connected WR-CNRSPcTevzGtpAAF1  at  2022-08-06T06:18:12.192Z
user disconnected :  WR-CNRSPcTevzGtpAAF1  at  2022-08-06T06:18:21.763Z
user connected F-dwqAtcjmgzm0uCAAF3  at  2022-08-06T06:18:26.345Z
user connected QzlknOV0MkP8uEd-AAF5  at  2022-08-06T06:20:57.399Z
dbFind
database updated
dbUpdate
dbFind
database updated
dbUpdate
dbFind
database updated
dbUpdate
user disconnected :  F-dwqAtcjmgzm0uCAAF3  at  2022-08-06T06:30:18.898Z
user connected __2RvucgZ9HxBrlIAAF7  at  2022-08-06T06:30:24.277Z
user connected Sq7qaFy4eA956HfYAAF9  at  2022-08-06T06:32:34.645Z
user disconnected :  Sq7qaFy4eA956HfYAAF9  at  2022-08-06T06:33:58.577Z
user disconnected :  __2RvucgZ9HxBrlIAAF7  at  2022-08-06T06:36:39.281Z
user connected C-tjJuU_Z0fAAsC6AAF_  at  2022-08-06T06:36:40.680Z
user disconnected :  C-tjJuU_Z0fAAsC6AAF_  at  2022-08-06T06:37:25.672Z
user connected -B9_Gh4qwk9_Meo-AAGB  at  2022-08-06T06:37:54.083Z
user disconnected :  QzlknOV0MkP8uEd-AAF5  at  2022-08-06T07:10:44.257Z
user connected iDVX7RSESN4ZaXlEAAGD  at  2022-08-06T07:10:46.782Z
user disconnected :  iDVX7RSESN4ZaXlEAAGD  at  2022-08-06T07:10:51.751Z
user connected 79F3L691xTlKsAE1AAGF  at  2022-08-06T07:10:53.284Z
dbFind
database updated
dbUpdate
dbFind
database updated
dbUpdate
dbFind
database updated
dbUpdate
dbFind
database updated
dbUpdate
dbFind
database updated
dbUpdate
dbFind
database updated
dbUpdate
dbFind
database updated
dbUpdate
dbFind
database updated
dbUpdate
dbFind
database updated
dbUpdate
dbFind
database updated
dbUpdate
dbFind
database updated
dbUpdate
dbFind
database updated
dbUpdate
user disconnected :  79F3L691xTlKsAE1AAGF  at  2022-08-06T07:25:05.630Z
user connected mWDTaISWWBgLg9W_AAGH  at  2022-08-06T07:26:37.948Z
user disconnected :  mWDTaISWWBgLg9W_AAGH  at  2022-08-06T07:32:56.275Z
user connected UtMqoTHqB53YJUGhAAGJ  at  2022-08-06T07:32:57.994Z
user disconnected :  -B9_Gh4qwk9_Meo-AAGB  at  2022-08-06T07:38:46.508Z
user connected YVi3QZmFkfG3oimfAAGL  at  2022-08-06T07:38:49.120Z
user disconnected :  UtMqoTHqB53YJUGhAAGJ  at  2022-08-06T07:39:01.883Z
user connected f_Rpic7kejhdhxYJAAGN  at  2022-08-06T07:39:02.752Z
user disconnected :  YVi3QZmFkfG3oimfAAGL  at  2022-08-06T07:39:34.111Z
user disconnected :  f_Rpic7kejhdhxYJAAGN  at  2022-08-06T07:39:47.740Z
user connected NjyGcAleHsH-Rw_9AAGP  at  2022-08-06T09:56:52.672Z
user disconnected :  NjyGcAleHsH-Rw_9AAGP  at  2022-08-06T09:57:37.662Z
user connected f6KsfHHqo3dd34wVAAGR  at  2022-08-06T09:58:45.840Z
user disconnected :  f6KsfHHqo3dd34wVAAGR  at  2022-08-06T09:59:30.831Z
user connected OWO3BJ8cMiLDlVD3AAGT  at  2022-08-06T10:52:58.345Z
user disconnected :  OWO3BJ8cMiLDlVD3AAGT  at  2022-08-06T10:53:43.340Z
user connected pnt-OFLeigcWWyvGAAGV  at  2022-08-06T11:19:55.948Z
user disconnected :  pnt-OFLeigcWWyvGAAGV  at  2022-08-06T11:20:40.929Z
user connected 2MFM0HPR3-h16Bc1AAGX  at  2022-08-06T12:14:13.979Z
user disconnected :  2MFM0HPR3-h16Bc1AAGX  at  2022-08-06T12:14:58.918Z
user connected QE5LOe7SEgyGpTOHAAGZ  at  2022-08-06T13:08:35.424Z
user disconnected :  QE5LOe7SEgyGpTOHAAGZ  at  2022-08-06T13:09:20.401Z
user connected MKcMEAcq-b2HHUjTAAGb  at  2022-08-06T14:02:51.820Z
user disconnected :  MKcMEAcq-b2HHUjTAAGb  at  2022-08-06T14:03:36.790Z
user connected 3g1vvlIQqSBUy0sVAAGd  at  2022-08-06T14:57:11.150Z
user disconnected :  3g1vvlIQqSBUy0sVAAGd  at  2022-08-06T14:57:56.134Z
user connected AJOq8NYbXLuey0r1AAGf  at  2022-08-06T15:51:31.435Z
user disconnected :  AJOq8NYbXLuey0r1AAGf  at  2022-08-06T15:52:16.403Z
user connected 7V6dWrlrQlxI0wn6AAGh  at  2022-08-06T16:11:19.801Z
user disconnected :  7V6dWrlrQlxI0wn6AAGh  at  2022-08-06T16:12:29.861Z
user connected _-nRXXbnUXJ_Ero3AAGj  at  2022-08-06T16:45:46.528Z
user disconnected :  _-nRXXbnUXJ_Ero3AAGj  at  2022-08-06T16:46:31.473Z
user connected QPOpeBP3z9Fk1C-dAAGl  at  2022-08-06T17:05:43.653Z
user disconnected :  QPOpeBP3z9Fk1C-dAAGl  at  2022-08-06T17:05:49.728Z
user connected zdtXxA-3q1kioEcVAAGn  at  2022-08-06T17:40:02.717Z
user disconnected :  zdtXxA-3q1kioEcVAAGn  at  2022-08-06T17:40:47.693Z
user connected 1Tp7szjxC-9_AYnoAAGp  at  2022-08-06T18:34:22.723Z
user disconnected :  1Tp7szjxC-9_AYnoAAGp  at  2022-08-06T18:35:07.710Z
user connected bksxuPPiIC2-S9tmAAGr  at  2022-08-06T19:28:43.387Z
user disconnected :  bksxuPPiIC2-S9tmAAGr  at  2022-08-06T19:29:28.354Z
user connected fXzvAz8sGhW80QwRAAGt  at  2022-08-06T19:41:53.394Z
user disconnected :  fXzvAz8sGhW80QwRAAGt  at  2022-08-06T19:45:15.771Z
user connected 0gOqtdb1alJQCdazAAGv  at  2022-08-06T19:45:17.251Z
user disconnected :  0gOqtdb1alJQCdazAAGv  at  2022-08-06T19:46:02.248Z
user connected XxsJRABUEEz0hABFAAGx  at  2022-08-06T20:09:48.406Z
user disconnected :  XxsJRABUEEz0hABFAAGx  at  2022-08-06T20:10:33.274Z
user connected Y9m5Y0hyhGYcdfIBAAGz  at  2022-08-06T21:04:34.974Z
user disconnected :  Y9m5Y0hyhGYcdfIBAAGz  at  2022-08-06T21:05:19.964Z
user connected 6SMB3yPaVKsLWrghAAG1  at  2022-08-06T21:58:55.959Z
user disconnected :  6SMB3yPaVKsLWrghAAG1  at  2022-08-06T21:59:40.958Z
user connected 9hpgYDH2irtsQEo-AAG3  at  2022-08-06T22:53:20.423Z
user disconnected :  9hpgYDH2irtsQEo-AAG3  at  2022-08-06T22:54:05.425Z
user connected odNXfu89Nq11Z8raAAG5  at  2022-08-06T23:47:36.949Z
user disconnected :  odNXfu89Nq11Z8raAAG5  at  2022-08-06T23:48:21.936Z
user connected LcymgrlMbJDc4E_cAAG7  at  2022-08-07T00:41:59.253Z
user disconnected :  LcymgrlMbJDc4E_cAAG7  at  2022-08-07T00:42:44.246Z
user connected P3NvPJ8I85H0vomsAAG9  at  2022-08-07T01:57:15.943Z
user disconnected :  P3NvPJ8I85H0vomsAAG9  at  2022-08-07T01:58:26.004Z
user connected bquNNntqYIZo-OGfAAG_  at  2022-08-07T03:18:36.862Z
user disconnected :  bquNNntqYIZo-OGfAAG_  at  2022-08-07T03:19:21.857Z
user connected 8RPdIbd4KOWTtLOlAAHB  at  2022-08-07T03:46:54.831Z
user disconnected :  8RPdIbd4KOWTtLOlAAHB  at  2022-08-07T03:47:39.805Z
user connected QMsrlX0Yzfi9VvvYAAHD  at  2022-08-07T04:41:16.348Z
user disconnected :  QMsrlX0Yzfi9VvvYAAHD  at  2022-08-07T04:42:01.351Z
user connected s3EPHz7Mbb6woSB6AAHF  at  2022-08-07T05:35:34.408Z
user disconnected :  s3EPHz7Mbb6woSB6AAHF  at  2022-08-07T05:36:19.397Z
user connected v4U-cfWhz9bwexckAAHH  at  2022-08-07T06:29:54.084Z
user disconnected :  v4U-cfWhz9bwexckAAHH  at  2022-08-07T06:30:39.076Z
user connected Ln7heYr61giA3dUJAAHJ  at  2022-08-07T07:24:14.032Z
user disconnected :  Ln7heYr61giA3dUJAAHJ  at  2022-08-07T07:24:59.019Z
user connected 7rWF6Up9TXcUiCsZAAHL  at  2022-08-07T08:09:05.447Z
user disconnected :  7rWF6Up9TXcUiCsZAAHL  at  2022-08-07T08:10:38.428Z
user connected M1JMB-slfUG1QExOAAHN  at  2022-08-07T08:10:39.585Z
user disconnected :  M1JMB-slfUG1QExOAAHN  at  2022-08-07T08:11:24.580Z
user connected kq7QPNUiUjqP6MdiAAHP  at  2022-08-07T08:11:55.377Z
user disconnected :  kq7QPNUiUjqP6MdiAAHP  at  2022-08-07T08:21:43.114Z
user connected PqeWB8u3hsnGgo1_AAHR  at  2022-08-07T08:21:45.929Z
user disconnected :  PqeWB8u3hsnGgo1_AAHR  at  2022-08-07T08:22:30.937Z
user connected gHvz7hj1wl4BHLvcAAHT  at  2022-08-07T08:26:25.871Z
user disconnected :  gHvz7hj1wl4BHLvcAAHT  at  2022-08-07T08:42:16.014Z
user connected KfJV3sbndQi-01jaAAHV  at  2022-08-07T13:16:46.462Z
user disconnected :  KfJV3sbndQi-01jaAAHV  at  2022-08-07T13:16:49.424Z
user connected hBLvCem5wxiJAM6GAAHX  at  2022-08-07T13:16:55.380Z
user disconnected :  hBLvCem5wxiJAM6GAAHX  at  2022-08-07T13:16:56.008Z
user connected dQX513RstOKPfIdTAAHZ  at  2022-08-07T13:38:24.623Z
dbFind
database updated
dbUpdate
dbFind
database updated
dbUpdate
dbFind
database updated
dbUpdate
dbFind
database updated
dbUpdate
user connected NX2FRIVjo6fVF2LqAAHb  at  2022-08-07T14:24:01.844Z
user disconnected :  NX2FRIVjo6fVF2LqAAHb  at  2022-08-07T14:24:19.218Z
user disconnected :  dQX513RstOKPfIdTAAHZ  at  2022-08-07T14:24:21.688Z
user connected 3u09NopAe-R5R2A7AAHd  at  2022-08-07T14:24:23.201Z
user disconnected :  3u09NopAe-R5R2A7AAHd  at  2022-08-07T14:26:10.672Z
user connected U5Xw7scN5B7Ycfs5AAHf  at  2022-08-07T14:26:12.368Z
user disconnected :  U5Xw7scN5B7Ycfs5AAHf  at  2022-08-07T14:26:17.638Z
user connected Y9oWm26YX6UTMEaXAAHh  at  2022-08-07T14:26:19.221Z
user disconnected :  Y9oWm26YX6UTMEaXAAHh  at  2022-08-07T14:27:04.216Z
user connected S54fBsynYTXrEVH1AAHj  at  2022-08-07T14:27:37.510Z
user disconnected :  S54fBsynYTXrEVH1AAHj  at  2022-08-07T14:48:35.845Z
user connected 3ZhhMN8FhniHquunAAHl  at  2022-08-07T14:48:51.838Z
user disconnected :  3ZhhMN8FhniHquunAAHl  at  2022-08-07T14:49:47.527Z
